<?xml version="1.0" encoding="UTF-8"?>
<testng-results ignored="0" total="1" passed="1" failed="0" skipped="0">
  <reporter-output>
  </reporter-output>
  <suite started-at="2022-04-21T15:31:17 IST" name="Default suite" finished-at="2022-04-21T15:31:25 IST" duration-ms="8040">
    <groups>
    </groups>
    <test started-at="2022-04-21T15:31:17 IST" name="Default test" finished-at="2022-04-21T15:31:25 IST" duration-ms="8040">
      <class name="JavaScriptExecutor.JavaScriptExecutor.TypekeysAndclick">
        <test-method is-config="true" signature="chromeLaunch()[pri:0, instance:JavaScriptExecutor.JavaScriptExecutor.TypekeysAndclick@169e6180]" started-at="2022-04-21T15:31:17 IST" name="chromeLaunch" finished-at="2022-04-21T15:31:21 IST" duration-ms="4335" status="PASS">
          <reporter-output>
          </reporter-output>
        </test-method> <!-- chromeLaunch -->
        <test-method signature="click()[pri:2, instance:JavaScriptExecutor.JavaScriptExecutor.TypekeysAndclick@169e6180]" started-at="2022-04-21T15:31:21 IST" name="click" finished-at="2022-04-21T15:31:24 IST" duration-ms="3042" status="PASS">
          <reporter-output>
          </reporter-output>
        </test-method> <!-- click -->
        <test-method is-config="true" signature="close()[pri:0, instance:JavaScriptExecutor.JavaScriptExecutor.TypekeysAndclick@169e6180]" started-at="2022-04-21T15:31:24 IST" name="close" finished-at="2022-04-21T15:31:25 IST" duration-ms="618" status="PASS">
          <reporter-output>
          </reporter-output>
        </test-method> <!-- close -->
      </class> <!-- JavaScriptExecutor.JavaScriptExecutor.TypekeysAndclick -->
    </test> <!-- Default test -->
  </suite> <!-- Default suite -->
</testng-results>
